Arguments: 
  C:\Program Files\nodejs\node.exe C:\Users\alaes\AppData\Roaming\npm\node_modules\yarn\bin\yarn.js install

PATH: 
  C:\Windows\system32;C:\Windows;C:\Windows\System32\Wbem;C:\Windows\System32\WindowsPowerShell\v1.0\;C:\Windows\System32\OpenSSH\;C:\Program Files\Microsoft SQL Server\Client SDK\ODBC\170\Tools\Binn\;C:\Program Files (x86)\Microsoft SQL Server\150\Tools\Binn\;C:\Program Files\Microsoft SQL Server\150\Tools\Binn\;C:\Program Files\Microsoft SQL Server\150\DTS\Binn\;C:\Program Files (x86)\Microsoft SQL Server\150\DTS\Binn\;C:\Program Files\Azure Data Studio\bin;C:\Program Files\Git\cmd;C:\Program Files\nodejs\;C:\Users\alaes\AppData\Local\Microsoft\WindowsApps;;C:\Program Files\Azure Data Studio\bin;C:\Users\alaes\AppData\Local\Programs\Microsoft VS Code\bin;C:\Users\alaes\AppData\Roaming\npm

Yarn version: 
  1.22.19

Node version: 
  12.13.0

Platform: 
  win32 x64

Trace: 
  Error: https://registry.yarnpkg.com/date-fns/-/date-fns-2.29.2.tgz: ESOCKETTIMEDOUT
      at ClientRequest.<anonymous> (C:\Users\alaes\AppData\Roaming\npm\node_modules\yarn\lib\cli.js:141517:19)
      at Object.onceWrapper (events.js:299:28)
      at ClientRequest.emit (events.js:210:5)
      at TLSSocket.emitRequestTimeout (_http_client.js:690:9)
      at Object.onceWrapper (events.js:299:28)
      at TLSSocket.emit (events.js:210:5)
      at TLSSocket.Socket._onTimeout (net.js:468:8)
      at listOnTimeout (internal/timers.js:531:17)
      at processTimers (internal/timers.js:475:7)

npm manifest: 
  {
    "private": true,
    "name": "datasciencefolio",
    "version": "0.1.0",
    "homepage": ".",
    "scripts": {
      "build": "react-scripts build",
      "predeploy": "npm run build",
      "deploy": "gh-pages -b gh-pages -d build",
      "eject": "react-scripts eject",
      "start": "react-scripts start",
      "test": "react-scripts test"
    },
    "dependencies": {
      "@apollo/react-hooks": "^3.1.3",
      "apollo-boost": "^0.4.4",
      "baseui": "^9.65.3",
      "bootstrap": "^4.4.1",
      "chart.js": "^2.9.3",
      "fs": "0.0.1-security",
      "gh-pages": "^2.1.1",
      "graphql": "^14.5.8",
      "lottie-web": "^5.7.11",
      "node-fetch": "^2.6.7",
      "node-sass": "^7.0.1",
      "npm": "^8.19.1",
      "prettier-package-json": "^2.1.3",
      "radium": "^0.26.0",
      "react": "^16.10.2",
      "react-bootstrap": "^1.0.0-beta.16",
      "react-chartjs-2": "^2.9.0",
      "react-dom": "^16.10.2",
      "react-ga": "^3.3.0",
      "react-helmet": "^6.1.0",
      "react-reveal": "^1.2.2",
      "react-router-dom": "^5.1.2",
      "react-scripts": "^5.0.1",
      "react-spring": "^8.0.27",
      "styled-components": "^5.1.1",
      "styletron-engine-atomic": "^1.4.6",
      "styletron-react": "^5.2.7",
      "typewriter-effect": "^2.18.0"
    },
    "devDependencies": {
      "@iconify/icons-logos": "^1.0.9",
      "@iconify/react": "^1.1.1",
      "husky": "^4.2.5",
      "lint-staged": "^10.2.11",
      "prettier": "2.0.5"
    },
    "browserslist": {
      "production": [
        ">0.2%",
        "not dead",
        "not op_mini all"
      ],
      "development": [
        "last 1 chrome version",
        "last 1 firefox version",
        "last 1 safari version"
      ]
    },
    "eslintConfig": {
      "extends": "react-app"
    },
    "husky": {
      "hooks": {
        "pre-commit": "lint-staged"
      }
    },
    "lint-staged": {
      "*.json": "prettier-package-json --write",
      "*.{js,css,md}": "prettier --write"
    }
  }

yarn manifest: 
  No manifest

Lockfile: 
  No lockfile
